<?xml version="1.0" encoding="UTF-8"?>
<testng-results skipped="0" failed="0" ignored="0" total="2" passed="2">
  <reporter-output>
  </reporter-output>
  <suite name="Suite" duration-ms="40" started-at="2019-02-21T22:00:54 CST" finished-at="2019-02-21T22:00:54 CST">
    <groups>
    </groups>
    <test name="Test" duration-ms="40" started-at="2019-02-21T22:00:54 CST" finished-at="2019-02-21T22:00:54 CST">
      <class name="qaclickacademy.SeleniumTest">
        <test-method status="PASS" signature="ba()[pri:0, instance:qaclickacademy.SeleniumTest@343f4d3d]" name="ba" duration-ms="5" started-at="2019-02-21T22:00:54 CST" finished-at="2019-02-21T22:00:54 CST">
          <reporter-output>
          </reporter-output>
        </test-method> <!-- ba -->
        <test-method status="PASS" signature="eu()[pri:0, instance:qaclickacademy.SeleniumTest@343f4d3d]" name="eu" duration-ms="0" started-at="2019-02-21T22:00:54 CST" finished-at="2019-02-21T22:00:54 CST">
          <reporter-output>
          </reporter-output>
        </test-method> <!-- eu -->
      </class> <!-- qaclickacademy.SeleniumTest -->
    </test> <!-- Test -->
  </suite> <!-- Suite -->
</testng-results>
